<?xml version="1.0" encoding="utf-8"?><testsuites name="pytest tests"><testsuite name="pytest" errors="0" failures="0" skipped="0" tests="39" time="3.777" timestamp="2025-11-16T16:40:21.391074+00:00" hostname="runnervmg1sw1"><testcase classname="tests.test_command_executor.TestCommandExecutor" name="test_initialization" time="0.001" /><testcase classname="tests.test_command_executor.TestCommandExecutor" name="test_default_timeout" time="0.001" /><testcase classname="tests.test_command_executor.TestCommandExecutor" name="test_validate_path_with_none" time="0.001" /><testcase classname="tests.test_command_executor.TestCommandExecutor" name="test_validate_path_with_valid_directory" time="0.044" /><testcase classname="tests.test_command_executor.TestCommandExecutor" name="test_validate_path_with_nonexistent" time="0.002" /><testcase classname="tests.test_command_executor.TestCommandExecutor" name="test_validate_path_with_file_not_directory" time="0.045" /><testcase classname="tests.test_command_executor.TestCommandExecutor" name="test_validate_path_prevents_traversal" time="0.043" /><testcase classname="tests.test_command_executor.TestCommandExecutor" name="test_execute_with_invalid_path" time="0.001" /><testcase classname="tests.test_command_executor.TestCommandExecutor" name="test_execute_command_not_found" time="0.135" /><testcase classname="tests.test_command_executor.TestCommandExecutor" name="test_execute_timeout" time="0.044" /><testcase classname="tests.test_command_executor.TestCommandExecutor" name="test_execute_success" time="0.049" /><testcase classname="tests.test_server.TestCommandExecution" name="test_successful_command" time="0.049" /><testcase classname="tests.test_server.TestCommandExecution" name="test_command_with_output" time="0.073" /><testcase classname="tests.test_server.TestCommandExecution" name="test_nonexistent_command" time="0.053" /><testcase classname="tests.test_server.TestCommandExecution" name="test_command_timeout" time="0.043" /><testcase classname="tests.test_server.TestCommandExecution" name="test_command_error" time="0.049" /><testcase classname="tests.test_server.TestListTools" name="test_server_has_name" time="0.001" /><testcase classname="tests.test_server.TestCallTool" name="test_server_configured" time="0.001" /><testcase classname="tests.test_server.TestToolHandlers" name="test_list_tools_handler" time="0.004" /><testcase classname="tests.test_server.TestToolHandlers" name="test_call_tool_handler_hug_status" time="0.111" /><testcase classname="tests.test_server.TestToolHandlers" name="test_call_tool_handler_hug_h_files" time="0.118" /><testcase classname="tests.test_server.TestToolHandlers" name="test_call_tool_handler_hug_log" time="0.053" /><testcase classname="tests.test_server.TestToolHandlers" name="test_call_tool_handler_hug_branch_list" time="0.115" /><testcase classname="tests.test_server.TestToolHandlers" name="test_call_tool_handler_hug_h_steps" time="0.088" /><testcase classname="tests.test_server.TestToolHandlers" name="test_call_tool_handler_hug_show_diff" time="0.109" /><testcase classname="tests.test_server.TestToolHandlers" name="test_call_tool_handler_unknown_tool" time="0.044" /><testcase classname="tests.test_server.TestServerIntegration" name="test_server_module_imports" time="0.001" /><testcase classname="tests.test_server.TestServerIntegration" name="test_server_app_is_configured" time="0.001" /><testcase classname="tests.test_tool_handlers.TestToolHandlers" name="test_hug_status_handler" time="0.110" /><testcase classname="tests.test_tool_handlers.TestToolHandlers" name="test_hug_h_files_handler" time="0.118" /><testcase classname="tests.test_tool_handlers.TestToolHandlers" name="test_hug_log_handler" time="0.052" /><testcase classname="tests.test_tool_handlers.TestToolHandlers" name="test_hug_branch_list_handler" time="0.113" /><testcase classname="tests.test_tool_handlers.TestToolHandlers" name="test_hug_h_steps_handler_missing_file" time="0.044" /><testcase classname="tests.test_tool_handlers.TestToolHandlers" name="test_hug_h_steps_handler_with_file" time="0.087" /><testcase classname="tests.test_tool_handlers.TestToolHandlers" name="test_hug_show_diff_handler" time="0.101" /><testcase classname="tests.test_tool_handlers.TestToolRegistry" name="test_registry_initialization" time="0.001" /><testcase classname="tests.test_tool_handlers.TestToolRegistry" name="test_get_handler" time="0.001" /><testcase classname="tests.test_tool_handlers.TestToolRegistry" name="test_get_nonexistent_handler" time="0.001" /><testcase classname="tests.test_tool_handlers.TestToolRegistry" name="test_register_custom_handler" time="0.001" /></testsuite></testsuites>